<?xml version="1.0" encoding="UTF-8"?>
<testsuite name="bigb.game.client.model.TaskCompletionProbabilityTest" tests="2" skipped="0" failures="0" errors="0" timestamp="2025-09-17T09:36:29.302Z" hostname="Liudvikass-MacBook-Air.local" time="0.015">
  <properties/>
  <testcase name="safeValueOf()" classname="bigb.game.client.model.TaskCompletionProbabilityTest" time="0.011"/>
  <testcase name="safeValueOf_encrypted()" classname="bigb.game.client.model.TaskCompletionProbabilityTest" time="0.002"/>
  <system-out><![CDATA[]]></system-out>
  <system-err><![CDATA[]]></system-err>
</testsuite>
