<?xml version="1.0" encoding="UTF-8"?>
<testsuite name="bigb.game.controller.shop.ShopHelperTest" tests="5" skipped="0" failures="0" errors="0" timestamp="2025-09-17T09:36:29.329Z" hostname="Liudvikass-MacBook-Air.local" time="0.004">
  <properties/>
  <testcase name="determineWhatToBuy_0()" classname="bigb.game.controller.shop.ShopHelperTest" time="0.001"/>
  <testcase name="determineWhatToBuy_random()" classname="bigb.game.controller.shop.ShopHelperTest" time="0.001"/>
  <testcase name="determineWhatToBuy_60gold_4lives()" classname="bigb.game.controller.shop.ShopHelperTest" time="0.001"/>
  <testcase name="getRandomNumber()" classname="bigb.game.controller.shop.ShopHelperTest" time="0.0"/>
  <testcase name="determineWhatToBuy_random2()" classname="bigb.game.controller.shop.ShopHelperTest" time="0.0"/>
  <system-out><![CDATA[]]></system-out>
  <system-err><![CDATA[]]></system-err>
</testsuite>
