<?xml version="1.0" encoding="UTF-8"?>
<testsuite name="bigb.game.controller.board.message.MessageReputableSafestTest" tests="5" skipped="0" failures="0" errors="0" timestamp="2025-09-17T09:36:29.321Z" hostname="Liudvikass-MacBook-Air.local" time="0.007">
  <properties/>
  <testcase name="getHighestProbabilityOfMessageBoard_messagesThirdList()" classname="bigb.game.controller.board.message.MessageReputableSafestTest" time="0.002"/>
  <testcase name="getSafestMessage_anotherList()" classname="bigb.game.controller.board.message.MessageReputableSafestTest" time="0.002"/>
  <testcase name="getSafestMessage()" classname="bigb.game.controller.board.message.MessageReputableSafestTest" time="0.001"/>
  <testcase name="getHighestProbabilityOfMessageBoard()" classname="bigb.game.controller.board.message.MessageReputableSafestTest" time="0.001"/>
  <testcase name="getHighestProbabilityOfMessageBoard2()" classname="bigb.game.controller.board.message.MessageReputableSafestTest" time="0.001"/>
  <system-out><![CDATA[]]></system-out>
  <system-err><![CDATA[]]></system-err>
</testsuite>
